<?xml version="1.0" encoding="UTF-8"?>
<testsuite name="com.app.unitech.service.impl.TransferServiceImplTest" tests="1" skipped="0" failures="0" errors="0" timestamp="2024-05-12T17:09:06" hostname="Rovshans-MacBook-Pro.local" time="0.066">
  <properties/>
  <testcase name="testDoTransfer_Success()" classname="com.app.unitech.service.impl.TransferServiceImplTest" time="0.066"/>
  <system-out><![CDATA[]]></system-out>
  <system-err><![CDATA[]]></system-err>
</testsuite>
